<?xml version="1.0" encoding="UTF-8"?>
<testsuite xmlns:xsi="http://www.w3.org/2001/XMLSchema-instance" xsi:noNamespaceSchemaLocation="https://maven.apache.org/surefire/maven-surefire-plugin/xsd/surefire-test-report.xsd" name="com.trading.management.trading.management.ApplicationTests" time="0.606" tests="1" errors="1" skipped="0" failures="0">
  <properties>
    <property name="gopherProxySet" value="false"/>
    <property name="awt.toolkit" value="sun.lwawt.macosx.LWCToolkit"/>
    <property name="file.encoding.pkg" value="sun.io"/>
    <property name="java.specification.version" value="1.8"/>
    <property name="sun.cpu.isalist" value=""/>
    <property name="sun.jnu.encoding" value="UTF-8"/>
    <property name="java.class.path" value="/Users/andresfeliperincongamboa/Downloads/trading.management/target/test-classes:/Users/andresfeliperincongamboa/Downloads/trading.management/target/classes:/Users/andresfeliperincongamboa/.m2/repository/org/springframework/boot/spring-boot-starter-actuator/2.1.8.RELEASE/spring-boot-starter-actuator-2.1.8.RELEASE.jar:/Users/andresfeliperincongamboa/.m2/repository/org/springframework/boot/spring-boot-starter/2.1.8.RELEASE/spring-boot-starter-2.1.8.RELEASE.jar:/Users/andresfeliperincongamboa/.m2/repository/org/springframework/boot/spring-boot/2.1.8.RELEASE/spring-boot-2.1.8.RELEASE.jar:/Users/andresfeliperincongamboa/.m2/repository/org/springframework/boot/spring-boot-autoconfigure/2.1.8.RELEASE/spring-boot-autoconfigure-2.1.8.RELEASE.jar:/Users/andresfeliperincongamboa/.m2/repository/org/springframework/boot/spring-boot-starter-logging/2.1.8.RELEASE/spring-boot-starter-logging-2.1.8.RELEASE.jar:/Users/andresfeliperincongamboa/.m2/repository/ch/qos/logback/logback-classic/1.2.3/logback-classic-1.2.3.jar:/Users/andresfeliperincongamboa/.m2/repository/ch/qos/logback/logback-core/1.2.3/logback-core-1.2.3.jar:/Users/andresfeliperincongamboa/.m2/repository/org/apache/logging/log4j/log4j-to-slf4j/2.11.2/log4j-to-slf4j-2.11.2.jar:/Users/andresfeliperincongamboa/.m2/repository/org/apache/logging/log4j/log4j-api/2.11.2/log4j-api-2.11.2.jar:/Users/andresfeliperincongamboa/.m2/repository/org/slf4j/jul-to-slf4j/1.7.28/jul-to-slf4j-1.7.28.jar:/Users/andresfeliperincongamboa/.m2/repository/javax/annotation/javax.annotation-api/1.3.2/javax.annotation-api-1.3.2.jar:/Users/andresfeliperincongamboa/.m2/repository/org/yaml/snakeyaml/1.23/snakeyaml-1.23.jar:/Users/andresfeliperincongamboa/.m2/repository/org/springframework/boot/spring-boot-actuator-autoconfigure/2.1.8.RELEASE/spring-boot-actuator-autoconfigure-2.1.8.RELEASE.jar:/Users/andresfeliperincongamboa/.m2/repository/org/springframework/boot/spring-boot-actuator/2.1.8.RELEASE/spring-boot-actuator-2.1.8.RELEASE.jar:/Users/andresfeliperincongamboa/.m2/repository/com/fasterxml/jackson/core/jackson-databind/2.9.9.3/jackson-databind-2.9.9.3.jar:/Users/andresfeliperincongamboa/.m2/repository/com/fasterxml/jackson/core/jackson-annotations/2.9.0/jackson-annotations-2.9.0.jar:/Users/andresfeliperincongamboa/.m2/repository/com/fasterxml/jackson/core/jackson-core/2.9.9/jackson-core-2.9.9.jar:/Users/andresfeliperincongamboa/.m2/repository/com/fasterxml/jackson/datatype/jackson-datatype-jsr310/2.9.9/jackson-datatype-jsr310-2.9.9.jar:/Users/andresfeliperincongamboa/.m2/repository/io/micrometer/micrometer-core/1.1.6/micrometer-core-1.1.6.jar:/Users/andresfeliperincongamboa/.m2/repository/org/hdrhistogram/HdrHistogram/2.1.9/HdrHistogram-2.1.9.jar:/Users/andresfeliperincongamboa/.m2/repository/org/latencyutils/LatencyUtils/2.0.3/LatencyUtils-2.0.3.jar:/Users/andresfeliperincongamboa/.m2/repository/org/json/json/20180130/json-20180130.jar:/Users/andresfeliperincongamboa/.m2/repository/org/springframework/boot/spring-boot-starter-web/2.1.8.RELEASE/spring-boot-starter-web-2.1.8.RELEASE.jar:/Users/andresfeliperincongamboa/.m2/repository/org/springframework/boot/spring-boot-starter-json/2.1.8.RELEASE/spring-boot-starter-json-2.1.8.RELEASE.jar:/Users/andresfeliperincongamboa/.m2/repository/com/fasterxml/jackson/datatype/jackson-datatype-jdk8/2.9.9/jackson-datatype-jdk8-2.9.9.jar:/Users/andresfeliperincongamboa/.m2/repository/com/fasterxml/jackson/module/jackson-module-parameter-names/2.9.9/jackson-module-parameter-names-2.9.9.jar:/Users/andresfeliperincongamboa/.m2/repository/org/springframework/boot/spring-boot-starter-tomcat/2.1.8.RELEASE/spring-boot-starter-tomcat-2.1.8.RELEASE.jar:/Users/andresfeliperincongamboa/.m2/repository/org/apache/tomcat/embed/tomcat-embed-core/9.0.24/tomcat-embed-core-9.0.24.jar:/Users/andresfeliperincongamboa/.m2/repository/org/apache/tomcat/embed/tomcat-embed-el/9.0.24/tomcat-embed-el-9.0.24.jar:/Users/andresfeliperincongamboa/.m2/repository/org/apache/tomcat/embed/tomcat-embed-websocket/9.0.24/tomcat-embed-websocket-9.0.24.jar:/Users/andresfeliperincongamboa/.m2/repository/org/hibernate/validator/hibernate-validator/6.0.17.Final/hibernate-validator-6.0.17.Final.jar:/Users/andresfeliperincongamboa/.m2/repository/javax/validation/validation-api/2.0.1.Final/validation-api-2.0.1.Final.jar:/Users/andresfeliperincongamboa/.m2/repository/org/jboss/logging/jboss-logging/3.3.3.Final/jboss-logging-3.3.3.Final.jar:/Users/andresfeliperincongamboa/.m2/repository/com/fasterxml/classmate/1.4.0/classmate-1.4.0.jar:/Users/andresfeliperincongamboa/.m2/repository/org/springframework/spring-web/5.1.9.RELEASE/spring-web-5.1.9.RELEASE.jar:/Users/andresfeliperincongamboa/.m2/repository/org/springframework/spring-webmvc/5.1.9.RELEASE/spring-webmvc-5.1.9.RELEASE.jar:/Users/andresfeliperincongamboa/.m2/repository/de/codecentric/spring-boot-admin-starter-server/2.1.5/spring-boot-admin-starter-server-2.1.5.jar:/Users/andresfeliperincongamboa/.m2/repository/de/codecentric/spring-boot-admin-server/2.1.5/spring-boot-admin-server-2.1.5.jar:/Users/andresfeliperincongamboa/.m2/repository/org/springframework/boot/spring-boot-starter-webflux/2.1.8.RELEASE/spring-boot-starter-webflux-2.1.8.RELEASE.jar:/Users/andresfeliperincongamboa/.m2/repository/org/springframework/boot/spring-boot-starter-reactor-netty/2.1.8.RELEASE/spring-boot-starter-reactor-netty-2.1.8.RELEASE.jar:/Users/andresfeliperincongamboa/.m2/repository/io/projectreactor/netty/reactor-netty/0.8.11.RELEASE/reactor-netty-0.8.11.RELEASE.jar:/Users/andresfeliperincongamboa/.m2/repository/io/netty/netty-codec-http/4.1.39.Final/netty-codec-http-4.1.39.Final.jar:/Users/andresfeliperincongamboa/.m2/repository/io/netty/netty-common/4.1.39.Final/netty-common-4.1.39.Final.jar:/Users/andresfeliperincongamboa/.m2/repository/io/netty/netty-buffer/4.1.39.Final/netty-buffer-4.1.39.Final.jar:/Users/andresfeliperincongamboa/.m2/repository/io/netty/netty-transport/4.1.39.Final/netty-transport-4.1.39.Final.jar:/Users/andresfeliperincongamboa/.m2/repository/io/netty/netty-resolver/4.1.39.Final/netty-resolver-4.1.39.Final.jar:/Users/andresfeliperincongamboa/.m2/repository/io/netty/netty-codec/4.1.39.Final/netty-codec-4.1.39.Final.jar:/Users/andresfeliperincongamboa/.m2/repository/io/netty/netty-codec-http2/4.1.39.Final/netty-codec-http2-4.1.39.Final.jar:/Users/andresfeliperincongamboa/.m2/repository/io/netty/netty-handler/4.1.39.Final/netty-handler-4.1.39.Final.jar:/Users/andresfeliperincongamboa/.m2/repository/io/netty/netty-handler-proxy/4.1.39.Final/netty-handler-proxy-4.1.39.Final.jar:/Users/andresfeliperincongamboa/.m2/repository/io/netty/netty-codec-socks/4.1.39.Final/netty-codec-socks-4.1.39.Final.jar:/Users/andresfeliperincongamboa/.m2/repository/io/netty/netty-transport-native-epoll/4.1.39.Final/netty-transport-native-epoll-4.1.39.Final-linux-x86_64.jar:/Users/andresfeliperincongamboa/.m2/repository/io/netty/netty-transport-native-unix-common/4.1.39.Final/netty-transport-native-unix-common-4.1.39.Final.jar:/Users/andresfeliperincongamboa/.m2/repository/org/glassfish/javax.el/3.0.0/javax.el-3.0.0.jar:/Users/andresfeliperincongamboa/.m2/repository/org/springframework/spring-webflux/5.1.9.RELEASE/spring-webflux-5.1.9.RELEASE.jar:/Users/andresfeliperincongamboa/.m2/repository/org/synchronoss/cloud/nio-multipart-parser/1.1.0/nio-multipart-parser-1.1.0.jar:/Users/andresfeliperincongamboa/.m2/repository/org/synchronoss/cloud/nio-stream-storage/1.1.3/nio-stream-storage-1.1.3.jar:/Users/andresfeliperincongamboa/.m2/repository/org/springframework/boot/spring-boot-starter-thymeleaf/2.1.8.RELEASE/spring-boot-starter-thymeleaf-2.1.8.RELEASE.jar:/Users/andresfeliperincongamboa/.m2/repository/org/thymeleaf/thymeleaf-spring5/3.0.11.RELEASE/thymeleaf-spring5-3.0.11.RELEASE.jar:/Users/andresfeliperincongamboa/.m2/repository/org/thymeleaf/thymeleaf/3.0.11.RELEASE/thymeleaf-3.0.11.RELEASE.jar:/Users/andresfeliperincongamboa/.m2/repository/org/attoparser/attoparser/2.0.5.RELEASE/attoparser-2.0.5.RELEASE.jar:/Users/andresfeliperincongamboa/.m2/repository/org/unbescape/unbescape/1.1.6.RELEASE/unbescape-1.1.6.RELEASE.jar:/Users/andresfeliperincongamboa/.m2/repository/org/thymeleaf/extras/thymeleaf-extras-java8time/3.0.4.RELEASE/thymeleaf-extras-java8time-3.0.4.RELEASE.jar:/Users/andresfeliperincongamboa/.m2/repository/io/projectreactor/addons/reactor-extra/3.2.3.RELEASE/reactor-extra-3.2.3.RELEASE.jar:/Users/andresfeliperincongamboa/.m2/repository/io/projectreactor/reactor-core/3.2.12.RELEASE/reactor-core-3.2.12.RELEASE.jar:/Users/andresfeliperincongamboa/.m2/repository/org/reactivestreams/reactive-streams/1.0.3/reactive-streams-1.0.3.jar:/Users/andresfeliperincongamboa/.m2/repository/de/codecentric/spring-boot-admin-server-ui/2.1.5/spring-boot-admin-server-ui-2.1.5.jar:/Users/andresfeliperincongamboa/.m2/repository/de/codecentric/spring-boot-admin-server-cloud/2.1.5/spring-boot-admin-server-cloud-2.1.5.jar:/Users/andresfeliperincongamboa/.m2/repository/org/springframework/spring-context/5.1.9.RELEASE/spring-context-5.1.9.RELEASE.jar:/Users/andresfeliperincongamboa/.m2/repository/org/springframework/spring-aop/5.1.9.RELEASE/spring-aop-5.1.9.RELEASE.jar:/Users/andresfeliperincongamboa/.m2/repository/org/springframework/spring-beans/5.1.9.RELEASE/spring-beans-5.1.9.RELEASE.jar:/Users/andresfeliperincongamboa/.m2/repository/org/springframework/spring-expression/5.1.9.RELEASE/spring-expression-5.1.9.RELEASE.jar:/Users/andresfeliperincongamboa/.m2/repository/org/springframework/spring-core/5.1.9.RELEASE/spring-core-5.1.9.RELEASE.jar:/Users/andresfeliperincongamboa/.m2/repository/org/springframework/spring-jcl/5.1.9.RELEASE/spring-jcl-5.1.9.RELEASE.jar:/Users/andresfeliperincongamboa/.m2/repository/org/springframework/boot/spring-boot-starter-test/2.1.8.RELEASE/spring-boot-starter-test-2.1.8.RELEASE.jar:/Users/andresfeliperincongamboa/.m2/repository/org/springframework/boot/spring-boot-test/2.1.8.RELEASE/spring-boot-test-2.1.8.RELEASE.jar:/Users/andresfeliperincongamboa/.m2/repository/org/springframework/boot/spring-boot-test-autoconfigure/2.1.8.RELEASE/spring-boot-test-autoconfigure-2.1.8.RELEASE.jar:/Users/andresfeliperincongamboa/.m2/repository/com/jayway/jsonpath/json-path/2.4.0/json-path-2.4.0.jar:/Users/andresfeliperincongamboa/.m2/repository/net/minidev/json-smart/2.3/json-smart-2.3.jar:/Users/andresfeliperincongamboa/.m2/repository/net/minidev/accessors-smart/1.2/accessors-smart-1.2.jar:/Users/andresfeliperincongamboa/.m2/repository/org/ow2/asm/asm/5.0.4/asm-5.0.4.jar:/Users/andresfeliperincongamboa/.m2/repository/junit/junit/4.12/junit-4.12.jar:/Users/andresfeliperincongamboa/.m2/repository/org/assertj/assertj-core/3.11.1/assertj-core-3.11.1.jar:/Users/andresfeliperincongamboa/.m2/repository/org/mockito/mockito-core/2.23.4/mockito-core-2.23.4.jar:/Users/andresfeliperincongamboa/.m2/repository/net/bytebuddy/byte-buddy/1.9.16/byte-buddy-1.9.16.jar:/Users/andresfeliperincongamboa/.m2/repository/net/bytebuddy/byte-buddy-agent/1.9.16/byte-buddy-agent-1.9.16.jar:/Users/andresfeliperincongamboa/.m2/repository/org/objenesis/objenesis/2.6/objenesis-2.6.jar:/Users/andresfeliperincongamboa/.m2/repository/org/hamcrest/hamcrest-core/1.3/hamcrest-core-1.3.jar:/Users/andresfeliperincongamboa/.m2/repository/org/hamcrest/hamcrest-library/1.3/hamcrest-library-1.3.jar:/Users/andresfeliperincongamboa/.m2/repository/org/skyscreamer/jsonassert/1.5.0/jsonassert-1.5.0.jar:/Users/andresfeliperincongamboa/.m2/repository/com/vaadin/external/google/android-json/0.0.20131108.vaadin1/android-json-0.0.20131108.vaadin1.jar:/Users/andresfeliperincongamboa/.m2/repository/org/springframework/spring-test/5.1.9.RELEASE/spring-test-5.1.9.RELEASE.jar:/Users/andresfeliperincongamboa/.m2/repository/org/xmlunit/xmlunit-core/2.6.3/xmlunit-core-2.6.3.jar:/Users/andresfeliperincongamboa/.m2/repository/com/google/cloud/google-cloud-core/1.90.0/google-cloud-core-1.90.0.jar:/Users/andresfeliperincongamboa/.m2/repository/com/google/api/gax/1.48.1/gax-1.48.1.jar:/Users/andresfeliperincongamboa/.m2/repository/com/google/guava/guava/28.0-android/guava-28.0-android.jar:/Users/andresfeliperincongamboa/.m2/repository/com/google/guava/failureaccess/1.0.1/failureaccess-1.0.1.jar:/Users/andresfeliperincongamboa/.m2/repository/com/google/guava/listenablefuture/9999.0-empty-to-avoid-conflict-with-guava/listenablefuture-9999.0-empty-to-avoid-conflict-with-guava.jar:/Users/andresfeliperincongamboa/.m2/repository/org/checkerframework/checker-compat-qual/2.5.5/checker-compat-qual-2.5.5.jar:/Users/andresfeliperincongamboa/.m2/repository/com/google/j2objc/j2objc-annotations/1.3/j2objc-annotations-1.3.jar:/Users/andresfeliperincongamboa/.m2/repository/org/codehaus/mojo/animal-sniffer-annotations/1.17/animal-sniffer-annotations-1.17.jar:/Users/andresfeliperincongamboa/.m2/repository/com/google/code/findbugs/jsr305/3.0.2/jsr305-3.0.2.jar:/Users/andresfeliperincongamboa/.m2/repository/org/threeten/threetenbp/1.3.3/threetenbp-1.3.3.jar:/Users/andresfeliperincongamboa/.m2/repository/com/google/auth/google-auth-library-oauth2-http/0.17.1/google-auth-library-oauth2-http-0.17.1.jar:/Users/andresfeliperincongamboa/.m2/repository/com/google/auto/value/auto-value-annotations/1.6.6/auto-value-annotations-1.6.6.jar:/Users/andresfeliperincongamboa/.m2/repository/com/google/http-client/google-http-client/1.31.0/google-http-client-1.31.0.jar:/Users/andresfeliperincongamboa/.m2/repository/org/apache/httpcomponents/httpclient/4.5.9/httpclient-4.5.9.jar:/Users/andresfeliperincongamboa/.m2/repository/commons-codec/commons-codec/1.11/commons-codec-1.11.jar:/Users/andresfeliperincongamboa/.m2/repository/org/apache/httpcomponents/httpcore/4.4.12/httpcore-4.4.12.jar:/Users/andresfeliperincongamboa/.m2/repository/com/google/api/api-common/1.8.1/api-common-1.8.1.jar:/Users/andresfeliperincongamboa/.m2/repository/io/opencensus/opencensus-api/0.23.0/opencensus-api-0.23.0.jar:/Users/andresfeliperincongamboa/.m2/repository/io/grpc/grpc-context/1.19.0/grpc-context-1.19.0.jar:/Users/andresfeliperincongamboa/.m2/repository/com/google/protobuf/protobuf-java-util/3.9.1/protobuf-java-util-3.9.1.jar:/Users/andresfeliperincongamboa/.m2/repository/com/google/protobuf/protobuf-java/3.9.1/protobuf-java-3.9.1.jar:/Users/andresfeliperincongamboa/.m2/repository/com/google/errorprone/error_prone_annotations/2.3.2/error_prone_annotations-2.3.2.jar:/Users/andresfeliperincongamboa/.m2/repository/com/google/code/gson/gson/2.8.5/gson-2.8.5.jar:/Users/andresfeliperincongamboa/.m2/repository/com/google/api/grpc/proto-google-common-protos/1.16.0/proto-google-common-protos-1.16.0.jar:/Users/andresfeliperincongamboa/.m2/repository/com/google/api/grpc/proto-google-iam-v1/0.12.0/proto-google-iam-v1-0.12.0.jar:/Users/andresfeliperincongamboa/.m2/repository/org/springframework/cloud/spring-cloud-gcp-core/1.1.3.RELEASE/spring-cloud-gcp-core-1.1.3.RELEASE.jar:/Users/andresfeliperincongamboa/.m2/repository/org/slf4j/slf4j-api/1.7.28/slf4j-api-1.7.28.jar:/Users/andresfeliperincongamboa/.m2/repository/org/springframework/cloud/spring-cloud-gcp-data-datastore/1.1.3.RELEASE/spring-cloud-gcp-data-datastore-1.1.3.RELEASE.jar:/Users/andresfeliperincongamboa/.m2/repository/com/google/cloud/google-cloud-datastore/1.78.0/google-cloud-datastore-1.78.0.jar:/Users/andresfeliperincongamboa/.m2/repository/com/google/cloud/google-cloud-core-http/1.78.0/google-cloud-core-http-1.78.0.jar:/Users/andresfeliperincongamboa/.m2/repository/com/google/http-client/google-http-client-appengine/1.30.1/google-http-client-appengine-1.30.1.jar:/Users/andresfeliperincongamboa/.m2/repository/com/google/api/gax-httpjson/0.62.0/gax-httpjson-0.62.0.jar:/Users/andresfeliperincongamboa/.m2/repository/io/opencensus/opencensus-contrib-http-util/0.21.0/opencensus-contrib-http-util-0.21.0.jar:/Users/andresfeliperincongamboa/.m2/repository/com/google/api/grpc/proto-google-cloud-datastore-v1/0.61.0/proto-google-cloud-datastore-v1-0.61.0.jar:/Users/andresfeliperincongamboa/.m2/repository/com/google/cloud/datastore/datastore-v1-proto-client/1.6.0/datastore-v1-proto-client-1.6.0.jar:/Users/andresfeliperincongamboa/.m2/repository/com/google/http-client/google-http-client-protobuf/1.20.0/google-http-client-protobuf-1.20.0.jar:/Users/andresfeliperincongamboa/.m2/repository/com/google/http-client/google-http-client-jackson/1.20.0/google-http-client-jackson-1.20.0.jar:/Users/andresfeliperincongamboa/.m2/repository/org/codehaus/jackson/jackson-core-asl/1.9.11/jackson-core-asl-1.9.11.jar:/Users/andresfeliperincongamboa/.m2/repository/org/springframework/data/spring-data-commons/2.1.10.RELEASE/spring-data-commons-2.1.10.RELEASE.jar:/Users/andresfeliperincongamboa/.m2/repository/org/springframework/spring-tx/5.1.9.RELEASE/spring-tx-5.1.9.RELEASE.jar:/Users/andresfeliperincongamboa/.m2/repository/org/projectlombok/lombok/1.18.8/lombok-1.18.8.jar:/Users/andresfeliperincongamboa/.m2/repository/com/google/cloud/google-cloud-language/1.90.0/google-cloud-language-1.90.0.jar:/Users/andresfeliperincongamboa/.m2/repository/com/google/cloud/google-cloud-core-grpc/1.90.0/google-cloud-core-grpc-1.90.0.jar:/Users/andresfeliperincongamboa/.m2/repository/com/google/auth/google-auth-library-credentials/0.17.1/google-auth-library-credentials-0.17.1.jar:/Users/andresfeliperincongamboa/.m2/repository/com/google/api/gax-grpc/1.48.1/gax-grpc-1.48.1.jar:/Users/andresfeliperincongamboa/.m2/repository/io/grpc/grpc-stub/1.23.0/grpc-stub-1.23.0.jar:/Users/andresfeliperincongamboa/.m2/repository/io/grpc/grpc-api/1.23.0/grpc-api-1.23.0.jar:/Users/andresfeliperincongamboa/.m2/repository/io/grpc/grpc-auth/1.23.0/grpc-auth-1.23.0.jar:/Users/andresfeliperincongamboa/.m2/repository/io/grpc/grpc-protobuf/1.23.0/grpc-protobuf-1.23.0.jar:/Users/andresfeliperincongamboa/.m2/repository/io/grpc/grpc-protobuf-lite/1.23.0/grpc-protobuf-lite-1.23.0.jar:/Users/andresfeliperincongamboa/.m2/repository/io/grpc/grpc-netty-shaded/1.23.0/grpc-netty-shaded-1.23.0.jar:/Users/andresfeliperincongamboa/.m2/repository/io/grpc/grpc-core/1.23.0/grpc-core-1.23.0.jar:/Users/andresfeliperincongamboa/.m2/repository/com/google/android/annotations/4.1.1.4/annotations-4.1.1.4.jar:/Users/andresfeliperincongamboa/.m2/repository/io/perfmark/perfmark-api/0.17.0/perfmark-api-0.17.0.jar:/Users/andresfeliperincongamboa/.m2/repository/io/opencensus/opencensus-contrib-grpc-metrics/0.21.0/opencensus-contrib-grpc-metrics-0.21.0.jar:/Users/andresfeliperincongamboa/.m2/repository/io/grpc/grpc-alts/1.23.0/grpc-alts-1.23.0.jar:/Users/andresfeliperincongamboa/.m2/repository/io/grpc/grpc-grpclb/1.23.0/grpc-grpclb-1.23.0.jar:/Users/andresfeliperincongamboa/.m2/repository/org/apache/commons/commons-lang3/3.8.1/commons-lang3-3.8.1.jar:/Users/andresfeliperincongamboa/.m2/repository/com/google/api/grpc/proto-google-cloud-language-v1/1.72.0/proto-google-cloud-language-v1-1.72.0.jar:/Users/andresfeliperincongamboa/.m2/repository/com/google/api/grpc/proto-google-cloud-language-v1beta2/0.73.0/proto-google-cloud-language-v1beta2-0.73.0.jar:/Users/andresfeliperincongamboa/.m2/repository/com/google/apis/google-api-services-language/v1-rev20190514-1.26.0/google-api-services-language-v1-rev20190514-1.26.0.jar:/Users/andresfeliperincongamboa/.m2/repository/com/google/api-client/google-api-client/1.26.0/google-api-client-1.26.0.jar:/Users/andresfeliperincongamboa/.m2/repository/com/google/oauth-client/google-oauth-client/1.26.0/google-oauth-client-1.26.0.jar:/Users/andresfeliperincongamboa/.m2/repository/com/google/http-client/google-http-client-jackson2/1.26.0/google-http-client-jackson2-1.26.0.jar:"/>
    <property name="java.vm.vendor" value="Oracle Corporation"/>
    <property name="sun.arch.data.model" value="64"/>
    <property name="java.vendor.url" value="http://java.oracle.com/"/>
    <property name="user.timezone" value=""/>
    <property name="java.vm.specification.version" value="1.8"/>
    <property name="os.name" value="Mac OS X"/>
    <property name="user.country" value="CA"/>
    <property name="sun.java.launcher" value="SUN_STANDARD"/>
    <property name="sun.boot.library.path" value="/Library/Java/JavaVirtualMachines/jdk1.8.0_171.jdk/Contents/Home/jre/lib"/>
    <property name="sun.java.command" value="/Users/andresfeliperincongamboa/Downloads/trading.management/target/surefire/surefirebooter1661308422596131824.jar /Users/andresfeliperincongamboa/Downloads/trading.management/target/surefire 2019-09-14T01-28-09_156-jvmRun1 surefire3873237129081916493tmp surefire_07630975420293380146tmp"/>
    <property name="http.nonProxyHosts" value="local|*.local|169.254/16|*.169.254/16"/>
    <property name="surefire.test.class.path" value="/Users/andresfeliperincongamboa/Downloads/trading.management/target/test-classes:/Users/andresfeliperincongamboa/Downloads/trading.management/target/classes:/Users/andresfeliperincongamboa/.m2/repository/org/springframework/boot/spring-boot-starter-actuator/2.1.8.RELEASE/spring-boot-starter-actuator-2.1.8.RELEASE.jar:/Users/andresfeliperincongamboa/.m2/repository/org/springframework/boot/spring-boot-starter/2.1.8.RELEASE/spring-boot-starter-2.1.8.RELEASE.jar:/Users/andresfeliperincongamboa/.m2/repository/org/springframework/boot/spring-boot/2.1.8.RELEASE/spring-boot-2.1.8.RELEASE.jar:/Users/andresfeliperincongamboa/.m2/repository/org/springframework/boot/spring-boot-autoconfigure/2.1.8.RELEASE/spring-boot-autoconfigure-2.1.8.RELEASE.jar:/Users/andresfeliperincongamboa/.m2/repository/org/springframework/boot/spring-boot-starter-logging/2.1.8.RELEASE/spring-boot-starter-logging-2.1.8.RELEASE.jar:/Users/andresfeliperincongamboa/.m2/repository/ch/qos/logback/logback-classic/1.2.3/logback-classic-1.2.3.jar:/Users/andresfeliperincongamboa/.m2/repository/ch/qos/logback/logback-core/1.2.3/logback-core-1.2.3.jar:/Users/andresfeliperincongamboa/.m2/repository/org/apache/logging/log4j/log4j-to-slf4j/2.11.2/log4j-to-slf4j-2.11.2.jar:/Users/andresfeliperincongamboa/.m2/repository/org/apache/logging/log4j/log4j-api/2.11.2/log4j-api-2.11.2.jar:/Users/andresfeliperincongamboa/.m2/repository/org/slf4j/jul-to-slf4j/1.7.28/jul-to-slf4j-1.7.28.jar:/Users/andresfeliperincongamboa/.m2/repository/javax/annotation/javax.annotation-api/1.3.2/javax.annotation-api-1.3.2.jar:/Users/andresfeliperincongamboa/.m2/repository/org/yaml/snakeyaml/1.23/snakeyaml-1.23.jar:/Users/andresfeliperincongamboa/.m2/repository/org/springframework/boot/spring-boot-actuator-autoconfigure/2.1.8.RELEASE/spring-boot-actuator-autoconfigure-2.1.8.RELEASE.jar:/Users/andresfeliperincongamboa/.m2/repository/org/springframework/boot/spring-boot-actuator/2.1.8.RELEASE/spring-boot-actuator-2.1.8.RELEASE.jar:/Users/andresfeliperincongamboa/.m2/repository/com/fasterxml/jackson/core/jackson-databind/2.9.9.3/jackson-databind-2.9.9.3.jar:/Users/andresfeliperincongamboa/.m2/repository/com/fasterxml/jackson/core/jackson-annotations/2.9.0/jackson-annotations-2.9.0.jar:/Users/andresfeliperincongamboa/.m2/repository/com/fasterxml/jackson/core/jackson-core/2.9.9/jackson-core-2.9.9.jar:/Users/andresfeliperincongamboa/.m2/repository/com/fasterxml/jackson/datatype/jackson-datatype-jsr310/2.9.9/jackson-datatype-jsr310-2.9.9.jar:/Users/andresfeliperincongamboa/.m2/repository/io/micrometer/micrometer-core/1.1.6/micrometer-core-1.1.6.jar:/Users/andresfeliperincongamboa/.m2/repository/org/hdrhistogram/HdrHistogram/2.1.9/HdrHistogram-2.1.9.jar:/Users/andresfeliperincongamboa/.m2/repository/org/latencyutils/LatencyUtils/2.0.3/LatencyUtils-2.0.3.jar:/Users/andresfeliperincongamboa/.m2/repository/org/json/json/20180130/json-20180130.jar:/Users/andresfeliperincongamboa/.m2/repository/org/springframework/boot/spring-boot-starter-web/2.1.8.RELEASE/spring-boot-starter-web-2.1.8.RELEASE.jar:/Users/andresfeliperincongamboa/.m2/repository/org/springframework/boot/spring-boot-starter-json/2.1.8.RELEASE/spring-boot-starter-json-2.1.8.RELEASE.jar:/Users/andresfeliperincongamboa/.m2/repository/com/fasterxml/jackson/datatype/jackson-datatype-jdk8/2.9.9/jackson-datatype-jdk8-2.9.9.jar:/Users/andresfeliperincongamboa/.m2/repository/com/fasterxml/jackson/module/jackson-module-parameter-names/2.9.9/jackson-module-parameter-names-2.9.9.jar:/Users/andresfeliperincongamboa/.m2/repository/org/springframework/boot/spring-boot-starter-tomcat/2.1.8.RELEASE/spring-boot-starter-tomcat-2.1.8.RELEASE.jar:/Users/andresfeliperincongamboa/.m2/repository/org/apache/tomcat/embed/tomcat-embed-core/9.0.24/tomcat-embed-core-9.0.24.jar:/Users/andresfeliperincongamboa/.m2/repository/org/apache/tomcat/embed/tomcat-embed-el/9.0.24/tomcat-embed-el-9.0.24.jar:/Users/andresfeliperincongamboa/.m2/repository/org/apache/tomcat/embed/tomcat-embed-websocket/9.0.24/tomcat-embed-websocket-9.0.24.jar:/Users/andresfeliperincongamboa/.m2/repository/org/hibernate/validator/hibernate-validator/6.0.17.Final/hibernate-validator-6.0.17.Final.jar:/Users/andresfeliperincongamboa/.m2/repository/javax/validation/validation-api/2.0.1.Final/validation-api-2.0.1.Final.jar:/Users/andresfeliperincongamboa/.m2/repository/org/jboss/logging/jboss-logging/3.3.3.Final/jboss-logging-3.3.3.Final.jar:/Users/andresfeliperincongamboa/.m2/repository/com/fasterxml/classmate/1.4.0/classmate-1.4.0.jar:/Users/andresfeliperincongamboa/.m2/repository/org/springframework/spring-web/5.1.9.RELEASE/spring-web-5.1.9.RELEASE.jar:/Users/andresfeliperincongamboa/.m2/repository/org/springframework/spring-webmvc/5.1.9.RELEASE/spring-webmvc-5.1.9.RELEASE.jar:/Users/andresfeliperincongamboa/.m2/repository/de/codecentric/spring-boot-admin-starter-server/2.1.5/spring-boot-admin-starter-server-2.1.5.jar:/Users/andresfeliperincongamboa/.m2/repository/de/codecentric/spring-boot-admin-server/2.1.5/spring-boot-admin-server-2.1.5.jar:/Users/andresfeliperincongamboa/.m2/repository/org/springframework/boot/spring-boot-starter-webflux/2.1.8.RELEASE/spring-boot-starter-webflux-2.1.8.RELEASE.jar:/Users/andresfeliperincongamboa/.m2/repository/org/springframework/boot/spring-boot-starter-reactor-netty/2.1.8.RELEASE/spring-boot-starter-reactor-netty-2.1.8.RELEASE.jar:/Users/andresfeliperincongamboa/.m2/repository/io/projectreactor/netty/reactor-netty/0.8.11.RELEASE/reactor-netty-0.8.11.RELEASE.jar:/Users/andresfeliperincongamboa/.m2/repository/io/netty/netty-codec-http/4.1.39.Final/netty-codec-http-4.1.39.Final.jar:/Users/andresfeliperincongamboa/.m2/repository/io/netty/netty-common/4.1.39.Final/netty-common-4.1.39.Final.jar:/Users/andresfeliperincongamboa/.m2/repository/io/netty/netty-buffer/4.1.39.Final/netty-buffer-4.1.39.Final.jar:/Users/andresfeliperincongamboa/.m2/repository/io/netty/netty-transport/4.1.39.Final/netty-transport-4.1.39.Final.jar:/Users/andresfeliperincongamboa/.m2/repository/io/netty/netty-resolver/4.1.39.Final/netty-resolver-4.1.39.Final.jar:/Users/andresfeliperincongamboa/.m2/repository/io/netty/netty-codec/4.1.39.Final/netty-codec-4.1.39.Final.jar:/Users/andresfeliperincongamboa/.m2/repository/io/netty/netty-codec-http2/4.1.39.Final/netty-codec-http2-4.1.39.Final.jar:/Users/andresfeliperincongamboa/.m2/repository/io/netty/netty-handler/4.1.39.Final/netty-handler-4.1.39.Final.jar:/Users/andresfeliperincongamboa/.m2/repository/io/netty/netty-handler-proxy/4.1.39.Final/netty-handler-proxy-4.1.39.Final.jar:/Users/andresfeliperincongamboa/.m2/repository/io/netty/netty-codec-socks/4.1.39.Final/netty-codec-socks-4.1.39.Final.jar:/Users/andresfeliperincongamboa/.m2/repository/io/netty/netty-transport-native-epoll/4.1.39.Final/netty-transport-native-epoll-4.1.39.Final-linux-x86_64.jar:/Users/andresfeliperincongamboa/.m2/repository/io/netty/netty-transport-native-unix-common/4.1.39.Final/netty-transport-native-unix-common-4.1.39.Final.jar:/Users/andresfeliperincongamboa/.m2/repository/org/glassfish/javax.el/3.0.0/javax.el-3.0.0.jar:/Users/andresfeliperincongamboa/.m2/repository/org/springframework/spring-webflux/5.1.9.RELEASE/spring-webflux-5.1.9.RELEASE.jar:/Users/andresfeliperincongamboa/.m2/repository/org/synchronoss/cloud/nio-multipart-parser/1.1.0/nio-multipart-parser-1.1.0.jar:/Users/andresfeliperincongamboa/.m2/repository/org/synchronoss/cloud/nio-stream-storage/1.1.3/nio-stream-storage-1.1.3.jar:/Users/andresfeliperincongamboa/.m2/repository/org/springframework/boot/spring-boot-starter-thymeleaf/2.1.8.RELEASE/spring-boot-starter-thymeleaf-2.1.8.RELEASE.jar:/Users/andresfeliperincongamboa/.m2/repository/org/thymeleaf/thymeleaf-spring5/3.0.11.RELEASE/thymeleaf-spring5-3.0.11.RELEASE.jar:/Users/andresfeliperincongamboa/.m2/repository/org/thymeleaf/thymeleaf/3.0.11.RELEASE/thymeleaf-3.0.11.RELEASE.jar:/Users/andresfeliperincongamboa/.m2/repository/org/attoparser/attoparser/2.0.5.RELEASE/attoparser-2.0.5.RELEASE.jar:/Users/andresfeliperincongamboa/.m2/repository/org/unbescape/unbescape/1.1.6.RELEASE/unbescape-1.1.6.RELEASE.jar:/Users/andresfeliperincongamboa/.m2/repository/org/thymeleaf/extras/thymeleaf-extras-java8time/3.0.4.RELEASE/thymeleaf-extras-java8time-3.0.4.RELEASE.jar:/Users/andresfeliperincongamboa/.m2/repository/io/projectreactor/addons/reactor-extra/3.2.3.RELEASE/reactor-extra-3.2.3.RELEASE.jar:/Users/andresfeliperincongamboa/.m2/repository/io/projectreactor/reactor-core/3.2.12.RELEASE/reactor-core-3.2.12.RELEASE.jar:/Users/andresfeliperincongamboa/.m2/repository/org/reactivestreams/reactive-streams/1.0.3/reactive-streams-1.0.3.jar:/Users/andresfeliperincongamboa/.m2/repository/de/codecentric/spring-boot-admin-server-ui/2.1.5/spring-boot-admin-server-ui-2.1.5.jar:/Users/andresfeliperincongamboa/.m2/repository/de/codecentric/spring-boot-admin-server-cloud/2.1.5/spring-boot-admin-server-cloud-2.1.5.jar:/Users/andresfeliperincongamboa/.m2/repository/org/springframework/spring-context/5.1.9.RELEASE/spring-context-5.1.9.RELEASE.jar:/Users/andresfeliperincongamboa/.m2/repository/org/springframework/spring-aop/5.1.9.RELEASE/spring-aop-5.1.9.RELEASE.jar:/Users/andresfeliperincongamboa/.m2/repository/org/springframework/spring-beans/5.1.9.RELEASE/spring-beans-5.1.9.RELEASE.jar:/Users/andresfeliperincongamboa/.m2/repository/org/springframework/spring-expression/5.1.9.RELEASE/spring-expression-5.1.9.RELEASE.jar:/Users/andresfeliperincongamboa/.m2/repository/org/springframework/spring-core/5.1.9.RELEASE/spring-core-5.1.9.RELEASE.jar:/Users/andresfeliperincongamboa/.m2/repository/org/springframework/spring-jcl/5.1.9.RELEASE/spring-jcl-5.1.9.RELEASE.jar:/Users/andresfeliperincongamboa/.m2/repository/org/springframework/boot/spring-boot-starter-test/2.1.8.RELEASE/spring-boot-starter-test-2.1.8.RELEASE.jar:/Users/andresfeliperincongamboa/.m2/repository/org/springframework/boot/spring-boot-test/2.1.8.RELEASE/spring-boot-test-2.1.8.RELEASE.jar:/Users/andresfeliperincongamboa/.m2/repository/org/springframework/boot/spring-boot-test-autoconfigure/2.1.8.RELEASE/spring-boot-test-autoconfigure-2.1.8.RELEASE.jar:/Users/andresfeliperincongamboa/.m2/repository/com/jayway/jsonpath/json-path/2.4.0/json-path-2.4.0.jar:/Users/andresfeliperincongamboa/.m2/repository/net/minidev/json-smart/2.3/json-smart-2.3.jar:/Users/andresfeliperincongamboa/.m2/repository/net/minidev/accessors-smart/1.2/accessors-smart-1.2.jar:/Users/andresfeliperincongamboa/.m2/repository/org/ow2/asm/asm/5.0.4/asm-5.0.4.jar:/Users/andresfeliperincongamboa/.m2/repository/junit/junit/4.12/junit-4.12.jar:/Users/andresfeliperincongamboa/.m2/repository/org/assertj/assertj-core/3.11.1/assertj-core-3.11.1.jar:/Users/andresfeliperincongamboa/.m2/repository/org/mockito/mockito-core/2.23.4/mockito-core-2.23.4.jar:/Users/andresfeliperincongamboa/.m2/repository/net/bytebuddy/byte-buddy/1.9.16/byte-buddy-1.9.16.jar:/Users/andresfeliperincongamboa/.m2/repository/net/bytebuddy/byte-buddy-agent/1.9.16/byte-buddy-agent-1.9.16.jar:/Users/andresfeliperincongamboa/.m2/repository/org/objenesis/objenesis/2.6/objenesis-2.6.jar:/Users/andresfeliperincongamboa/.m2/repository/org/hamcrest/hamcrest-core/1.3/hamcrest-core-1.3.jar:/Users/andresfeliperincongamboa/.m2/repository/org/hamcrest/hamcrest-library/1.3/hamcrest-library-1.3.jar:/Users/andresfeliperincongamboa/.m2/repository/org/skyscreamer/jsonassert/1.5.0/jsonassert-1.5.0.jar:/Users/andresfeliperincongamboa/.m2/repository/com/vaadin/external/google/android-json/0.0.20131108.vaadin1/android-json-0.0.20131108.vaadin1.jar:/Users/andresfeliperincongamboa/.m2/repository/org/springframework/spring-test/5.1.9.RELEASE/spring-test-5.1.9.RELEASE.jar:/Users/andresfeliperincongamboa/.m2/repository/org/xmlunit/xmlunit-core/2.6.3/xmlunit-core-2.6.3.jar:/Users/andresfeliperincongamboa/.m2/repository/com/google/cloud/google-cloud-core/1.90.0/google-cloud-core-1.90.0.jar:/Users/andresfeliperincongamboa/.m2/repository/com/google/api/gax/1.48.1/gax-1.48.1.jar:/Users/andresfeliperincongamboa/.m2/repository/com/google/guava/guava/28.0-android/guava-28.0-android.jar:/Users/andresfeliperincongamboa/.m2/repository/com/google/guava/failureaccess/1.0.1/failureaccess-1.0.1.jar:/Users/andresfeliperincongamboa/.m2/repository/com/google/guava/listenablefuture/9999.0-empty-to-avoid-conflict-with-guava/listenablefuture-9999.0-empty-to-avoid-conflict-with-guava.jar:/Users/andresfeliperincongamboa/.m2/repository/org/checkerframework/checker-compat-qual/2.5.5/checker-compat-qual-2.5.5.jar:/Users/andresfeliperincongamboa/.m2/repository/com/google/j2objc/j2objc-annotations/1.3/j2objc-annotations-1.3.jar:/Users/andresfeliperincongamboa/.m2/repository/org/codehaus/mojo/animal-sniffer-annotations/1.17/animal-sniffer-annotations-1.17.jar:/Users/andresfeliperincongamboa/.m2/repository/com/google/code/findbugs/jsr305/3.0.2/jsr305-3.0.2.jar:/Users/andresfeliperincongamboa/.m2/repository/org/threeten/threetenbp/1.3.3/threetenbp-1.3.3.jar:/Users/andresfeliperincongamboa/.m2/repository/com/google/auth/google-auth-library-oauth2-http/0.17.1/google-auth-library-oauth2-http-0.17.1.jar:/Users/andresfeliperincongamboa/.m2/repository/com/google/auto/value/auto-value-annotations/1.6.6/auto-value-annotations-1.6.6.jar:/Users/andresfeliperincongamboa/.m2/repository/com/google/http-client/google-http-client/1.31.0/google-http-client-1.31.0.jar:/Users/andresfeliperincongamboa/.m2/repository/org/apache/httpcomponents/httpclient/4.5.9/httpclient-4.5.9.jar:/Users/andresfeliperincongamboa/.m2/repository/commons-codec/commons-codec/1.11/commons-codec-1.11.jar:/Users/andresfeliperincongamboa/.m2/repository/org/apache/httpcomponents/httpcore/4.4.12/httpcore-4.4.12.jar:/Users/andresfeliperincongamboa/.m2/repository/com/google/api/api-common/1.8.1/api-common-1.8.1.jar:/Users/andresfeliperincongamboa/.m2/repository/io/opencensus/opencensus-api/0.23.0/opencensus-api-0.23.0.jar:/Users/andresfeliperincongamboa/.m2/repository/io/grpc/grpc-context/1.19.0/grpc-context-1.19.0.jar:/Users/andresfeliperincongamboa/.m2/repository/com/google/protobuf/protobuf-java-util/3.9.1/protobuf-java-util-3.9.1.jar:/Users/andresfeliperincongamboa/.m2/repository/com/google/protobuf/protobuf-java/3.9.1/protobuf-java-3.9.1.jar:/Users/andresfeliperincongamboa/.m2/repository/com/google/errorprone/error_prone_annotations/2.3.2/error_prone_annotations-2.3.2.jar:/Users/andresfeliperincongamboa/.m2/repository/com/google/code/gson/gson/2.8.5/gson-2.8.5.jar:/Users/andresfeliperincongamboa/.m2/repository/com/google/api/grpc/proto-google-common-protos/1.16.0/proto-google-common-protos-1.16.0.jar:/Users/andresfeliperincongamboa/.m2/repository/com/google/api/grpc/proto-google-iam-v1/0.12.0/proto-google-iam-v1-0.12.0.jar:/Users/andresfeliperincongamboa/.m2/repository/org/springframework/cloud/spring-cloud-gcp-core/1.1.3.RELEASE/spring-cloud-gcp-core-1.1.3.RELEASE.jar:/Users/andresfeliperincongamboa/.m2/repository/org/slf4j/slf4j-api/1.7.28/slf4j-api-1.7.28.jar:/Users/andresfeliperincongamboa/.m2/repository/org/springframework/cloud/spring-cloud-gcp-data-datastore/1.1.3.RELEASE/spring-cloud-gcp-data-datastore-1.1.3.RELEASE.jar:/Users/andresfeliperincongamboa/.m2/repository/com/google/cloud/google-cloud-datastore/1.78.0/google-cloud-datastore-1.78.0.jar:/Users/andresfeliperincongamboa/.m2/repository/com/google/cloud/google-cloud-core-http/1.78.0/google-cloud-core-http-1.78.0.jar:/Users/andresfeliperincongamboa/.m2/repository/com/google/http-client/google-http-client-appengine/1.30.1/google-http-client-appengine-1.30.1.jar:/Users/andresfeliperincongamboa/.m2/repository/com/google/api/gax-httpjson/0.62.0/gax-httpjson-0.62.0.jar:/Users/andresfeliperincongamboa/.m2/repository/io/opencensus/opencensus-contrib-http-util/0.21.0/opencensus-contrib-http-util-0.21.0.jar:/Users/andresfeliperincongamboa/.m2/repository/com/google/api/grpc/proto-google-cloud-datastore-v1/0.61.0/proto-google-cloud-datastore-v1-0.61.0.jar:/Users/andresfeliperincongamboa/.m2/repository/com/google/cloud/datastore/datastore-v1-proto-client/1.6.0/datastore-v1-proto-client-1.6.0.jar:/Users/andresfeliperincongamboa/.m2/repository/com/google/http-client/google-http-client-protobuf/1.20.0/google-http-client-protobuf-1.20.0.jar:/Users/andresfeliperincongamboa/.m2/repository/com/google/http-client/google-http-client-jackson/1.20.0/google-http-client-jackson-1.20.0.jar:/Users/andresfeliperincongamboa/.m2/repository/org/codehaus/jackson/jackson-core-asl/1.9.11/jackson-core-asl-1.9.11.jar:/Users/andresfeliperincongamboa/.m2/repository/org/springframework/data/spring-data-commons/2.1.10.RELEASE/spring-data-commons-2.1.10.RELEASE.jar:/Users/andresfeliperincongamboa/.m2/repository/org/springframework/spring-tx/5.1.9.RELEASE/spring-tx-5.1.9.RELEASE.jar:/Users/andresfeliperincongamboa/.m2/repository/org/projectlombok/lombok/1.18.8/lombok-1.18.8.jar:/Users/andresfeliperincongamboa/.m2/repository/com/google/cloud/google-cloud-language/1.90.0/google-cloud-language-1.90.0.jar:/Users/andresfeliperincongamboa/.m2/repository/com/google/cloud/google-cloud-core-grpc/1.90.0/google-cloud-core-grpc-1.90.0.jar:/Users/andresfeliperincongamboa/.m2/repository/com/google/auth/google-auth-library-credentials/0.17.1/google-auth-library-credentials-0.17.1.jar:/Users/andresfeliperincongamboa/.m2/repository/com/google/api/gax-grpc/1.48.1/gax-grpc-1.48.1.jar:/Users/andresfeliperincongamboa/.m2/repository/io/grpc/grpc-stub/1.23.0/grpc-stub-1.23.0.jar:/Users/andresfeliperincongamboa/.m2/repository/io/grpc/grpc-api/1.23.0/grpc-api-1.23.0.jar:/Users/andresfeliperincongamboa/.m2/repository/io/grpc/grpc-auth/1.23.0/grpc-auth-1.23.0.jar:/Users/andresfeliperincongamboa/.m2/repository/io/grpc/grpc-protobuf/1.23.0/grpc-protobuf-1.23.0.jar:/Users/andresfeliperincongamboa/.m2/repository/io/grpc/grpc-protobuf-lite/1.23.0/grpc-protobuf-lite-1.23.0.jar:/Users/andresfeliperincongamboa/.m2/repository/io/grpc/grpc-netty-shaded/1.23.0/grpc-netty-shaded-1.23.0.jar:/Users/andresfeliperincongamboa/.m2/repository/io/grpc/grpc-core/1.23.0/grpc-core-1.23.0.jar:/Users/andresfeliperincongamboa/.m2/repository/com/google/android/annotations/4.1.1.4/annotations-4.1.1.4.jar:/Users/andresfeliperincongamboa/.m2/repository/io/perfmark/perfmark-api/0.17.0/perfmark-api-0.17.0.jar:/Users/andresfeliperincongamboa/.m2/repository/io/opencensus/opencensus-contrib-grpc-metrics/0.21.0/opencensus-contrib-grpc-metrics-0.21.0.jar:/Users/andresfeliperincongamboa/.m2/repository/io/grpc/grpc-alts/1.23.0/grpc-alts-1.23.0.jar:/Users/andresfeliperincongamboa/.m2/repository/io/grpc/grpc-grpclb/1.23.0/grpc-grpclb-1.23.0.jar:/Users/andresfeliperincongamboa/.m2/repository/org/apache/commons/commons-lang3/3.8.1/commons-lang3-3.8.1.jar:/Users/andresfeliperincongamboa/.m2/repository/com/google/api/grpc/proto-google-cloud-language-v1/1.72.0/proto-google-cloud-language-v1-1.72.0.jar:/Users/andresfeliperincongamboa/.m2/repository/com/google/api/grpc/proto-google-cloud-language-v1beta2/0.73.0/proto-google-cloud-language-v1beta2-0.73.0.jar:/Users/andresfeliperincongamboa/.m2/repository/com/google/apis/google-api-services-language/v1-rev20190514-1.26.0/google-api-services-language-v1-rev20190514-1.26.0.jar:/Users/andresfeliperincongamboa/.m2/repository/com/google/api-client/google-api-client/1.26.0/google-api-client-1.26.0.jar:/Users/andresfeliperincongamboa/.m2/repository/com/google/oauth-client/google-oauth-client/1.26.0/google-oauth-client-1.26.0.jar:/Users/andresfeliperincongamboa/.m2/repository/com/google/http-client/google-http-client-jackson2/1.26.0/google-http-client-jackson2-1.26.0.jar:"/>
    <property name="sun.cpu.endian" value="little"/>
    <property name="user.home" value="/Users/andresfeliperincongamboa"/>
    <property name="user.language" value="en"/>
    <property name="java.specification.vendor" value="Oracle Corporation"/>
    <property name="java.home" value="/Library/Java/JavaVirtualMachines/jdk1.8.0_171.jdk/Contents/Home/jre"/>
    <property name="basedir" value="/Users/andresfeliperincongamboa/Downloads/trading.management"/>
    <property name="file.separator" value="/"/>
    <property name="line.separator" value="&#10;"/>
    <property name="java.vm.specification.vendor" value="Oracle Corporation"/>
    <property name="java.specification.name" value="Java Platform API Specification"/>
    <property name="java.awt.graphicsenv" value="sun.awt.CGraphicsEnvironment"/>
    <property name="surefire.real.class.path" value="/Users/andresfeliperincongamboa/Downloads/trading.management/target/surefire/surefirebooter1661308422596131824.jar"/>
    <property name="sun.boot.class.path" value="/Library/Java/JavaVirtualMachines/jdk1.8.0_171.jdk/Contents/Home/jre/lib/resources.jar:/Library/Java/JavaVirtualMachines/jdk1.8.0_171.jdk/Contents/Home/jre/lib/rt.jar:/Library/Java/JavaVirtualMachines/jdk1.8.0_171.jdk/Contents/Home/jre/lib/sunrsasign.jar:/Library/Java/JavaVirtualMachines/jdk1.8.0_171.jdk/Contents/Home/jre/lib/jsse.jar:/Library/Java/JavaVirtualMachines/jdk1.8.0_171.jdk/Contents/Home/jre/lib/jce.jar:/Library/Java/JavaVirtualMachines/jdk1.8.0_171.jdk/Contents/Home/jre/lib/charsets.jar:/Library/Java/JavaVirtualMachines/jdk1.8.0_171.jdk/Contents/Home/jre/lib/jfr.jar:/Library/Java/JavaVirtualMachines/jdk1.8.0_171.jdk/Contents/Home/jre/classes"/>
    <property name="sun.management.compiler" value="HotSpot 64-Bit Tiered Compilers"/>
    <property name="ftp.nonProxyHosts" value="local|*.local|169.254/16|*.169.254/16"/>
    <property name="java.runtime.version" value="1.8.0_171-b11"/>
    <property name="user.name" value="andresfeliperincongamboa"/>
    <property name="path.separator" value=":"/>
    <property name="os.version" value="10.12.6"/>
    <property name="java.endorsed.dirs" value="/Library/Java/JavaVirtualMachines/jdk1.8.0_171.jdk/Contents/Home/jre/lib/endorsed"/>
    <property name="java.runtime.name" value="Java(TM) SE Runtime Environment"/>
    <property name="file.encoding" value="UTF-8"/>
    <property name="java.vm.name" value="Java HotSpot(TM) 64-Bit Server VM"/>
    <property name="localRepository" value="/Users/andresfeliperincongamboa/.m2/repository"/>
    <property name="java.vendor.url.bug" value="http://bugreport.sun.com/bugreport/"/>
    <property name="java.io.tmpdir" value="/var/folders/m6/df89dtns4jb7_139br2y7yjh0000gn/T/"/>
    <property name="java.version" value="1.8.0_171"/>
    <property name="user.dir" value="/Users/andresfeliperincongamboa/Downloads/trading.management"/>
    <property name="os.arch" value="x86_64"/>
    <property name="java.vm.specification.name" value="Java Virtual Machine Specification"/>
    <property name="java.awt.printerjob" value="sun.lwawt.macosx.CPrinterJob"/>
    <property name="sun.os.patch.level" value="unknown"/>
    <property name="java.library.path" value="/Users/andresfeliperincongamboa/Library/Java/Extensions:/Library/Java/Extensions:/Network/Library/Java/Extensions:/System/Library/Java/Extensions:/usr/lib/java:."/>
    <property name="java.vm.info" value="mixed mode"/>
    <property name="java.vendor" value="Oracle Corporation"/>
    <property name="java.vm.version" value="25.171-b11"/>
    <property name="java.ext.dirs" value="/Users/andresfeliperincongamboa/Library/Java/Extensions:/Library/Java/JavaVirtualMachines/jdk1.8.0_171.jdk/Contents/Home/jre/lib/ext:/Library/Java/Extensions:/Network/Library/Java/Extensions:/System/Library/Java/Extensions:/usr/lib/java"/>
    <property name="sun.io.unicode.encoding" value="UnicodeBig"/>
    <property name="java.class.version" value="52.0"/>
    <property name="socksNonProxyHosts" value="local|*.local|169.254/16|*.169.254/16"/>
  </properties>
  <testcase name="initializationError" classname="com.trading.management.trading.management.ApplicationTests" time="0.008">
    <error message="Unable to find a @SpringBootConfiguration, you need to use @ContextConfiguration or @SpringBootTest(classes=...) with your test" type="java.lang.IllegalStateException">java.lang.IllegalStateException: Unable to find a @SpringBootConfiguration, you need to use @ContextConfiguration or @SpringBootTest(classes=...) with your test
</error>
    <system-out><![CDATA[01:28:10.442 [main] DEBUG org.springframework.test.context.junit4.SpringJUnit4ClassRunner - SpringJUnit4ClassRunner constructor called with [class com.trading.management.trading.management.ApplicationTests]
01:28:10.457 [main] DEBUG org.springframework.test.context.BootstrapUtils - Instantiating CacheAwareContextLoaderDelegate from class [org.springframework.test.context.cache.DefaultCacheAwareContextLoaderDelegate]
01:28:10.475 [main] DEBUG org.springframework.test.context.BootstrapUtils - Instantiating BootstrapContext using constructor [public org.springframework.test.context.support.DefaultBootstrapContext(java.lang.Class,org.springframework.test.context.CacheAwareContextLoaderDelegate)]
01:28:10.521 [main] DEBUG org.springframework.test.context.BootstrapUtils - Instantiating TestContextBootstrapper for test class [com.trading.management.trading.management.ApplicationTests] from class [org.springframework.boot.test.context.SpringBootTestContextBootstrapper]
01:28:10.540 [main] INFO org.springframework.boot.test.context.SpringBootTestContextBootstrapper - Neither @ContextConfiguration nor @ContextHierarchy found for test class [com.trading.management.trading.management.ApplicationTests], using SpringBootContextLoader
01:28:10.544 [main] DEBUG org.springframework.test.context.support.AbstractContextLoader - Did not detect default resource location for test class [com.trading.management.trading.management.ApplicationTests]: class path resource [com/trading/management/trading/management/ApplicationTests-context.xml] does not exist
01:28:10.544 [main] DEBUG org.springframework.test.context.support.AbstractContextLoader - Did not detect default resource location for test class [com.trading.management.trading.management.ApplicationTests]: class path resource [com/trading/management/trading/management/ApplicationTestsContext.groovy] does not exist
01:28:10.544 [main] INFO org.springframework.test.context.support.AbstractContextLoader - Could not detect default resource locations for test class [com.trading.management.trading.management.ApplicationTests]: no resource found for suffixes {-context.xml, Context.groovy}.
01:28:10.561 [main] INFO org.springframework.test.context.support.AnnotationConfigContextLoaderUtils - Could not detect default configuration classes for test class [com.trading.management.trading.management.ApplicationTests]: ApplicationTests does not declare any static, non-private, non-final, nested classes annotated with @Configuration.
01:28:10.650 [main] DEBUG org.springframework.test.context.support.ActiveProfilesUtils - Could not find an 'annotation declaring class' for annotation type [org.springframework.test.context.ActiveProfiles] and class [com.trading.management.trading.management.ApplicationTests]
]]></system-out>
  </testcase>
</testsuite>